  main.cpp
C:\Users\2\Desktop\Coding projects\SFML-3.0.0\include\SFML\System\Exception.hpp(41,47): warning C4275: non dll-interface class 'std::runtime_error' used as base for dll-interface class 'sf::Exception'
  (compiling source file 'main.cpp')
      C:\Program Files\Microsoft Visual Studio\2022\Community\VC\Tools\MSVC\14.41.34120\include\stdexcept(100,19):
      see declaration of 'std::runtime_error'
      C:\Users\2\Desktop\Coding projects\SFML-3.0.0\include\SFML\System\Exception.hpp(41,23):
      see declaration of 'sf::Exception'
  
C:\Users\2\Desktop\pong\pong game\pong game\main.cpp(67,45): warning C4101: 'e': unreferenced local variable
C:\Users\2\Desktop\pong\pong game\pong game\main.cpp(167,15): warning C4930: 'sf::Event event(void)': prototyped function not called (was a variable definition intended?)
C:\Users\2\Desktop\pong\pong game\pong game\main.cpp(239,35): warning C4244: '=': conversion from 'int' to 'float', possible loss of data
C:\Users\2\Desktop\pong\pong game\pong game\main.cpp(241,63): warning C4305: 'argument': truncation from 'double' to 'float'
C:\Users\2\Desktop\pong\pong game\pong game\main.cpp(270,15): warning C4930: 'sf::Event event(void)': prototyped function not called (was a variable definition intended?)
C:\Users\2\Desktop\pong\pong game\pong game\main.cpp(327,69): warning C4244: 'argument': conversion from 'T' to 'T', possible loss of data
C:\Users\2\Desktop\pong\pong game\pong game\main.cpp(327,69): warning C4244:         with
C:\Users\2\Desktop\pong\pong game\pong game\main.cpp(327,69): warning C4244:         [
C:\Users\2\Desktop\pong\pong game\pong game\main.cpp(327,69): warning C4244:             T=unsigned int
C:\Users\2\Desktop\pong\pong game\pong game\main.cpp(327,69): warning C4244:         ]
C:\Users\2\Desktop\pong\pong game\pong game\main.cpp(327,69): warning C4244:         and
C:\Users\2\Desktop\pong\pong game\pong game\main.cpp(327,69): warning C4244:         [
C:\Users\2\Desktop\pong\pong game\pong game\main.cpp(327,69): warning C4244:             T=float
C:\Users\2\Desktop\pong\pong game\pong game\main.cpp(327,69): warning C4244:         ]
C:\Users\2\Desktop\pong\pong game\pong game\main.cpp(327,49): warning C4244: 'argument': conversion from 'T' to 'T', possible loss of data
C:\Users\2\Desktop\pong\pong game\pong game\main.cpp(327,49): warning C4244:         with
C:\Users\2\Desktop\pong\pong game\pong game\main.cpp(327,49): warning C4244:         [
C:\Users\2\Desktop\pong\pong game\pong game\main.cpp(327,49): warning C4244:             T=unsigned int
C:\Users\2\Desktop\pong\pong game\pong game\main.cpp(327,49): warning C4244:         ]
C:\Users\2\Desktop\pong\pong game\pong game\main.cpp(327,49): warning C4244:         and
C:\Users\2\Desktop\pong\pong game\pong game\main.cpp(327,49): warning C4244:         [
C:\Users\2\Desktop\pong\pong game\pong game\main.cpp(327,49): warning C4244:             T=float
C:\Users\2\Desktop\pong\pong game\pong game\main.cpp(327,49): warning C4244:         ]
C:\Users\2\Desktop\pong\pong game\pong game\main.cpp(369,53): warning C4244: 'argument': conversion from 'float' to 'int', possible loss of data
C:\Users\2\Desktop\pong\pong game\pong game\main.cpp(369,36): warning C4244: 'argument': conversion from 'float' to 'int', possible loss of data
C:\Users\2\Desktop\pong\pong game\pong game\main.cpp(369,26): warning C4244: 'initializing': conversion from 'int' to 'float', possible loss of data
C:\Users\2\Desktop\pong\pong game\pong game\main.cpp(370,53): warning C4244: 'argument': conversion from 'float' to 'int', possible loss of data
C:\Users\2\Desktop\pong\pong game\pong game\main.cpp(370,36): warning C4244: 'argument': conversion from 'float' to 'int', possible loss of data
C:\Users\2\Desktop\pong\pong game\pong game\main.cpp(370,26): warning C4244: 'initializing': conversion from 'int' to 'float', possible loss of data
  Generating code
  57 of 511 functions (11.2%) were compiled, the rest were copied from previous compilation.
    0 functions were new in current compilation
    0 functions had inline decision re-evaluated but remain unchanged
  Finished generating code
  pong game.vcxproj -> C:\Users\2\Desktop\pong\pong game\x64\Release\pong game.exe
